# JRE version: OpenJDK Runtime Environment Temurin-21.0.7+6 (21.0.7+6) (build 21.0.7+6-LTS)
# Java VM: OpenJDK 64-Bit Server VM Temurin-21.0.7+6 (21.0.7+6-LTS, mixed mode, sharing, tiered, compressed oops, compressed class ptrs, g1 gc, windows-amd64)
GC Precious Log:
 CardTable entry size: 512
 Card Set container configuration: InlinePtr #cards 5 size 8 Array Of Cards #cards 12 size 40 Howl #buckets 4 coarsen threshold 1843 Howl Bitmap #cards 512 size 80 coarsen threshold 460 Card regions per heap region 1 cards per card region 2048
 CPUs: 8 total, 8 available
 Memory: 7894M
 Large Page Support: Disabled
 NUMA Support: Disabled
 Compressed Oops: Enabled (32-bit)
 Heap Region Size: 1M
 Heap Min Capacity: 8M
 Heap Initial Capacity: 124M
 Heap Max Capacity: 1536M
 Pre-touch: Disabled
 Parallel Workers: 8
 Concurrent Workers: 2
 Concurrent Refinement Workers: 8
 Periodic GC: Disabled
Heap:
 garbage-first heap   total 126976K, used 94461K [0x00000000a0000000, 0x0000000100000000)
  region size 1024K, 20 young (20480K), 5 survivors (5120K)
 Metaspace       used 67984K, committed 70016K, reserved 1114112K
  class space    used 9418K, committed 10432K, reserved 1048576K
GC Heap History (20 events):
Event: 17.102 GC heap before
{Heap before GC invocations=18 (full 0):
 garbage-first heap   total 93184K, used 82256K [0x00000000a0000000, 0x0000000100000000)
  region size 1024K, 33 young (33792K), 3 survivors (3072K)
 Metaspace       used 53683K, committed 55488K, reserved 1114112K
  class space    used 7491K, committed 8384K, reserved 1048576K
}
Event: 17.106 GC heap after
{Heap after GC invocations=19 (full 0):
 garbage-first heap   total 93184K, used 53174K [0x00000000a0000000, 0x0000000100000000)
  region size 1024K, 3 young (3072K), 3 survivors (3072K)
 Metaspace       used 53683K, committed 55488K, reserved 1114112K
  class space    used 7491K, committed 8384K, reserved 1048576K
}
Event: 17.556 GC heap before
{Heap before GC invocations=19 (full 0):
 garbage-first heap   total 93184K, used 67510K [0x00000000a0000000, 0x0000000100000000)
  region size 1024K, 19 young (19456K), 3 survivors (3072K)
 Metaspace       used 53792K, committed 55616K, reserved 1114112K
  class space    used 7509K, committed 8384K, reserved 1048576K
}
Event: 17.562 GC heap after
{Heap after GC invocations=20 (full 0):
 garbage-first heap   total 93184K, used 54306K [0x00000000a0000000, 0x0000000100000000)
  region size 1024K, 3 young (3072K), 3 survivors (3072K)
 Metaspace       used 53792K, committed 55616K, reserved 1114112K
  class space    used 7509K, committed 8384K, reserved 1048576K
}
Event: 18.788 GC heap before
{Heap before GC invocations=21 (full 0):
 garbage-first heap   total 96256K, used 88098K [0x00000000a0000000, 0x0000000100000000)
  region size 1024K, 31 young (31744K), 3 survivors (3072K)
 Metaspace       used 55352K, committed 57216K, reserved 1114112K
  class space    used 7729K, committed 8640K, reserved 1048576K
}
Event: 18.796 GC heap after
{Heap after GC invocations=22 (full 0):
 garbage-first heap   total 99328K, used 65798K [0x00000000a0000000, 0x0000000100000000)
  region size 1024K, 4 young (4096K), 4 survivors (4096K)
 Metaspace       used 55352K, committed 57216K, reserved 1114112K
  class space    used 7729K, committed 8640K, reserved 1048576K
}
Event: 19.404 GC heap before
{Heap before GC invocations=22 (full 0):
 garbage-first heap   total 99328K, used 88326K [0x00000000a0000000, 0x0000000100000000)
  region size 1024K, 26 young (26624K), 4 survivors (4096K)
 Metaspace       used 57272K, committed 59200K, reserved 1114112K
  class space    used 7967K, committed 8896K, reserved 1048576K
}
Event: 19.408 GC heap after
{Heap after GC invocations=23 (full 0):
 garbage-first heap   total 99328K, used 67876K [0x00000000a0000000, 0x0000000100000000)
  region size 1024K, 2 young (2048K), 2 survivors (2048K)
 Metaspace       used 57272K, committed 59200K, reserved 1114112K
  class space    used 7967K, committed 8896K, reserved 1048576K
}
Event: 19.919 GC heap before
{Heap before GC invocations=23 (full 0):
 garbage-first heap   total 99328K, used 89380K [0x00000000a0000000, 0x0000000100000000)
  region size 1024K, 24 young (24576K), 2 survivors (2048K)
 Metaspace       used 59820K, committed 61696K, reserved 1114112K
  class space    used 8247K, committed 9152K, reserved 1048576K
}
Event: 19.922 GC heap after
{Heap after GC invocations=24 (full 0):
 garbage-first heap   total 99328K, used 68268K [0x00000000a0000000, 0x0000000100000000)
  region size 1024K, 3 young (3072K), 3 survivors (3072K)
 Metaspace       used 59820K, committed 61696K, reserved 1114112K
  class space    used 8247K, committed 9152K, reserved 1048576K
}
Event: 20.528 GC heap before
{Heap before GC invocations=25 (full 0):
 garbage-first heap   total 116736K, used 87724K [0x00000000a0000000, 0x0000000100000000)
  region size 1024K, 22 young (22528K), 3 survivors (3072K)
 Metaspace       used 61691K, committed 63680K, reserved 1114112K
  class space    used 8565K, committed 9536K, reserved 1048576K
}
Event: 20.534 GC heap after
{Heap after GC invocations=26 (full 0):
 garbage-first heap   total 116736K, used 68970K [0x00000000a0000000, 0x0000000100000000)
  region size 1024K, 2 young (2048K), 2 survivors (2048K)
 Metaspace       used 61691K, committed 63680K, reserved 1114112K
  class space    used 8565K, committed 9536K, reserved 1048576K
}
Event: 21.423 GC heap before
{Heap before GC invocations=26 (full 0):
 garbage-first heap   total 116736K, used 108906K [0x00000000a0000000, 0x0000000100000000)
  region size 1024K, 36 young (36864K), 2 survivors (2048K)
 Metaspace       used 63539K, committed 65536K, reserved 1114112K
  class space    used 8821K, committed 9792K, reserved 1048576K
}
Event: 21.431 GC heap after
{Heap after GC invocations=27 (full 0):
 garbage-first heap   total 116736K, used 73316K [0x00000000a0000000, 0x0000000100000000)
  region size 1024K, 5 young (5120K), 5 survivors (5120K)
 Metaspace       used 63539K, committed 65536K, reserved 1114112K
  class space    used 8821K, committed 9792K, reserved 1048576K
}
Event: 22.253 GC heap before
{Heap before GC invocations=27 (full 0):
 garbage-first heap   total 116736K, used 104036K [0x00000000a0000000, 0x0000000100000000)
  region size 1024K, 35 young (35840K), 5 survivors (5120K)
 Metaspace       used 65825K, committed 67840K, reserved 1114112K
  class space    used 9112K, committed 10112K, reserved 1048576K
}
Event: 22.261 GC heap after
{Heap after GC invocations=28 (full 0):
 garbage-first heap   total 116736K, used 75390K [0x00000000a0000000, 0x0000000100000000)
  region size 1024K, 2 young (2048K), 2 survivors (2048K)
 Metaspace       used 65825K, committed 67840K, reserved 1114112K
  class space    used 9112K, committed 10112K, reserved 1048576K
}
Event: 23.466 GC heap before
{Heap before GC invocations=29 (full 0):
 garbage-first heap   total 126976K, used 106110K [0x00000000a0000000, 0x0000000100000000)
  region size 1024K, 32 young (32768K), 2 survivors (2048K)
 Metaspace       used 66593K, committed 68672K, reserved 1114112K
  class space    used 9233K, committed 10240K, reserved 1048576K
}
Event: 23.471 GC heap after
{Heap after GC invocations=30 (full 0):
 garbage-first heap   total 126976K, used 77824K [0x00000000a0000000, 0x0000000100000000)
  region size 1024K, 4 young (4096K), 4 survivors (4096K)
 Metaspace       used 66593K, committed 68672K, reserved 1114112K
  class space    used 9233K, committed 10240K, reserved 1048576K
}
Event: 24.902 GC heap before
{Heap before GC invocations=30 (full 0):
 garbage-first heap   total 126976K, used 114688K [0x00000000a0000000, 0x0000000100000000)
  region size 1024K, 40 young (40960K), 4 survivors (4096K)
 Metaspace       used 67706K, committed 69696K, reserved 1114112K
  class space    used 9394K, committed 10368K, reserved 1048576K
}
Event: 24.910 GC heap after
{Heap after GC invocations=31 (full 0):
 garbage-first heap   total 126976K, used 80125K [0x00000000a0000000, 0x0000000100000000)
  region size 1024K, 5 young (5120K), 5 survivors (5120K)
 Metaspace       used 67706K, committed 69696K, reserved 1114112K
  class space    used 9394K, committed 10368K, reserved 1048576K
}

