# JRE version: OpenJDK Runtime Environment Temurin-21.0.7+6 (21.0.7+6) (build 21.0.7+6-LTS)
# Java VM: OpenJDK 64-Bit Server VM Temurin-21.0.7+6 (21.0.7+6-LTS, mixed mode, sharing, tiered, compressed oops, compressed class ptrs, parallel gc, windows-amd64)
GC Precious Log:
 CardTable entry size: 512
 CPUs: 8 total, 8 available
 Memory: 7894M
 Large Page Support: Disabled
 NUMA Support: Disabled
 Compressed Oops: Enabled (32-bit)
 Alignments: Space 512K, Generation 512K, Heap 2M
 Heap Min Capacity: 100M
 Heap Initial Capacity: 100M
 Heap Max Capacity: 2G
 Pre-touch: Disabled
 Parallel Workers: 8
Heap:
 PSYoungGen      total 15872K, used 12692K [0x00000000d5580000, 0x00000000d6600000, 0x0000000100000000)
  eden space 14848K, 81% used [0x00000000d5580000,0x00000000d615f150,0x00000000d6400000)
  from space 1024K, 52% used [0x00000000d6400000,0x00000000d64861a8,0x00000000d6500000)
  to   space 1024K, 0% used [0x00000000d6500000,0x00000000d6500000,0x00000000d6600000)
 ParOldGen       total 68608K, used 40307K [0x0000000080000000, 0x0000000084300000, 0x00000000d5580000)
  object space 68608K, 58% used [0x0000000080000000,0x000000008275cd40,0x0000000084300000)
 Metaspace       used 64742K, committed 66240K, reserved 1114112K
  class space    used 7996K, committed 8640K, reserved 1048576K
GC Heap History (20 events):
Event: 13.129 GC heap before
{Heap before GC invocations=47 (full 3):
 PSYoungGen      total 16384K, used 224K [0x00000000d5580000, 0x00000000d6700000, 0x0000000100000000)
  eden space 15872K, 0% used [0x00000000d5580000,0x00000000d5580000,0x00000000d6500000)
  from space 512K, 43% used [0x00000000d6680000,0x00000000d66b8000,0x00000000d6700000)
  to   space 1024K, 0% used [0x00000000d6500000,0x00000000d6500000,0x00000000d6600000)
 ParOldGen       total 68608K, used 43396K [0x0000000080000000, 0x0000000084300000, 0x00000000d5580000)
  object space 68608K, 63% used [0x0000000080000000,0x0000000082a611d0,0x0000000084300000)
 Metaspace       used 58368K, committed 59776K, reserved 1114112K
  class space    used 7253K, committed 7872K, reserved 1048576K
}
Event: 13.187 GC heap after
{Heap after GC invocations=47 (full 3):
 PSYoungGen      total 16384K, used 0K [0x00000000d5580000, 0x00000000d6700000, 0x0000000100000000)
  eden space 15872K, 0% used [0x00000000d5580000,0x00000000d5580000,0x00000000d6500000)
  from space 512K, 0% used [0x00000000d6680000,0x00000000d6680000,0x00000000d6700000)
  to   space 1024K, 0% used [0x00000000d6500000,0x00000000d6500000,0x00000000d6600000)
 ParOldGen       total 68608K, used 37036K [0x0000000080000000, 0x0000000084300000, 0x00000000d5580000)
  object space 68608K, 53% used [0x0000000080000000,0x000000008242b050,0x0000000084300000)
 Metaspace       used 58368K, committed 59776K, reserved 1114112K
  class space    used 7253K, committed 7872K, reserved 1048576K
}
Event: 16.032 GC heap before
{Heap before GC invocations=48 (full 3):
 PSYoungGen      total 16384K, used 15872K [0x00000000d5580000, 0x00000000d6700000, 0x0000000100000000)
  eden space 15872K, 100% used [0x00000000d5580000,0x00000000d6500000,0x00000000d6500000)
  from space 512K, 0% used [0x00000000d6680000,0x00000000d6680000,0x00000000d6700000)
  to   space 1024K, 0% used [0x00000000d6500000,0x00000000d6500000,0x00000000d6600000)
 ParOldGen       total 68608K, used 37036K [0x0000000080000000, 0x0000000084300000, 0x00000000d5580000)
  object space 68608K, 53% used [0x0000000080000000,0x000000008242b050,0x0000000084300000)
 Metaspace       used 60105K, committed 61504K, reserved 1114112K
  class space    used 7493K, committed 8128K, reserved 1048576K
}
Event: 16.034 GC heap after
{Heap after GC invocations=48 (full 3):
 PSYoungGen      total 16896K, used 704K [0x00000000d5580000, 0x00000000d6700000, 0x0000000100000000)
  eden space 15872K, 0% used [0x00000000d5580000,0x00000000d5580000,0x00000000d6500000)
  from space 1024K, 68% used [0x00000000d6500000,0x00000000d65b0000,0x00000000d6600000)
  to   space 1024K, 0% used [0x00000000d6600000,0x00000000d6600000,0x00000000d6700000)
 ParOldGen       total 68608K, used 37044K [0x0000000080000000, 0x0000000084300000, 0x00000000d5580000)
  object space 68608K, 53% used [0x0000000080000000,0x000000008242d050,0x0000000084300000)
 Metaspace       used 60105K, committed 61504K, reserved 1114112K
  class space    used 7493K, committed 8128K, reserved 1048576K
}
Event: 27.542 GC heap before
{Heap before GC invocations=49 (full 3):
 PSYoungGen      total 16896K, used 16576K [0x00000000d5580000, 0x00000000d6700000, 0x0000000100000000)
  eden space 15872K, 100% used [0x00000000d5580000,0x00000000d6500000,0x00000000d6500000)
  from space 1024K, 68% used [0x00000000d6500000,0x00000000d65b0000,0x00000000d6600000)
  to   space 1024K, 0% used [0x00000000d6600000,0x00000000d6600000,0x00000000d6700000)
 ParOldGen       total 68608K, used 37044K [0x0000000080000000, 0x0000000084300000, 0x00000000d5580000)
  object space 68608K, 53% used [0x0000000080000000,0x000000008242d050,0x0000000084300000)
 Metaspace       used 61641K, committed 63040K, reserved 1114112K
  class space    used 7671K, committed 8320K, reserved 1048576K
}
Event: 27.545 GC heap after
{Heap after GC invocations=49 (full 3):
 PSYoungGen      total 15872K, used 992K [0x00000000d5580000, 0x00000000d6900000, 0x0000000100000000)
  eden space 14848K, 0% used [0x00000000d5580000,0x00000000d5580000,0x00000000d6400000)
  from space 1024K, 96% used [0x00000000d6600000,0x00000000d66f8010,0x00000000d6700000)
  to   space 2048K, 0% used [0x00000000d6400000,0x00000000d6400000,0x00000000d6600000)
 ParOldGen       total 68608K, used 37632K [0x0000000080000000, 0x0000000084300000, 0x00000000d5580000)
  object space 68608K, 54% used [0x0000000080000000,0x00000000824c0060,0x0000000084300000)
 Metaspace       used 61641K, committed 63040K, reserved 1114112K
  class space    used 7671K, committed 8320K, reserved 1048576K
}
Event: 29.451 GC heap before
{Heap before GC invocations=50 (full 3):
 PSYoungGen      total 15872K, used 15840K [0x00000000d5580000, 0x00000000d6900000, 0x0000000100000000)
  eden space 14848K, 100% used [0x00000000d5580000,0x00000000d6400000,0x00000000d6400000)
  from space 1024K, 96% used [0x00000000d6600000,0x00000000d66f8010,0x00000000d6700000)
  to   space 2048K, 0% used [0x00000000d6400000,0x00000000d6400000,0x00000000d6600000)
 ParOldGen       total 68608K, used 37632K [0x0000000080000000, 0x0000000084300000, 0x00000000d5580000)
  object space 68608K, 54% used [0x0000000080000000,0x00000000824c0060,0x0000000084300000)
 Metaspace       used 61712K, committed 63104K, reserved 1114112K
  class space    used 7671K, committed 8320K, reserved 1048576K
}
Event: 29.453 GC heap after
{Heap after GC invocations=50 (full 3):
 PSYoungGen      total 15360K, used 160K [0x00000000d5580000, 0x00000000d6680000, 0x0000000100000000)
  eden space 14848K, 0% used [0x00000000d5580000,0x00000000d5580000,0x00000000d6400000)
  from space 512K, 31% used [0x00000000d6400000,0x00000000d6428000,0x00000000d6480000)
  to   space 1024K, 0% used [0x00000000d6580000,0x00000000d6580000,0x00000000d6680000)
 ParOldGen       total 68608K, used 38592K [0x0000000080000000, 0x0000000084300000, 0x00000000d5580000)
  object space 68608K, 56% used [0x0000000080000000,0x00000000825b02c0,0x0000000084300000)
 Metaspace       used 61712K, committed 63104K, reserved 1114112K
  class space    used 7671K, committed 8320K, reserved 1048576K
}
Event: 30.183 GC heap before
{Heap before GC invocations=51 (full 3):
 PSYoungGen      total 15360K, used 15008K [0x00000000d5580000, 0x00000000d6680000, 0x0000000100000000)
  eden space 14848K, 100% used [0x00000000d5580000,0x00000000d6400000,0x00000000d6400000)
  from space 512K, 31% used [0x00000000d6400000,0x00000000d6428000,0x00000000d6480000)
  to   space 1024K, 0% used [0x00000000d6580000,0x00000000d6580000,0x00000000d6680000)
 ParOldGen       total 68608K, used 38592K [0x0000000080000000, 0x0000000084300000, 0x00000000d5580000)
  object space 68608K, 56% used [0x0000000080000000,0x00000000825b02c0,0x0000000084300000)
 Metaspace       used 61713K, committed 63104K, reserved 1114112K
  class space    used 7671K, committed 8320K, reserved 1048576K
}
Event: 30.184 GC heap after
{Heap after GC invocations=51 (full 3):
 PSYoungGen      total 15360K, used 128K [0x00000000d5580000, 0x00000000d6600000, 0x0000000100000000)
  eden space 14848K, 0% used [0x00000000d5580000,0x00000000d5580000,0x00000000d6400000)
  from space 512K, 25% used [0x00000000d6580000,0x00000000d65a0000,0x00000000d6600000)
  to   space 512K, 0% used [0x00000000d6400000,0x00000000d6400000,0x00000000d6480000)
 ParOldGen       total 68608K, used 38632K [0x0000000080000000, 0x0000000084300000, 0x00000000d5580000)
  object space 68608K, 56% used [0x0000000080000000,0x00000000825ba2c0,0x0000000084300000)
 Metaspace       used 61713K, committed 63104K, reserved 1114112K
  class space    used 7671K, committed 8320K, reserved 1048576K
}
Event: 32.374 GC heap before
{Heap before GC invocations=52 (full 3):
 PSYoungGen      total 15360K, used 14975K [0x00000000d5580000, 0x00000000d6600000, 0x0000000100000000)
  eden space 14848K, 99% used [0x00000000d5580000,0x00000000d63fffb0,0x00000000d6400000)
  from space 512K, 25% used [0x00000000d6580000,0x00000000d65a0000,0x00000000d6600000)
  to   space 512K, 0% used [0x00000000d6400000,0x00000000d6400000,0x00000000d6480000)
 ParOldGen       total 68608K, used 38632K [0x0000000080000000, 0x0000000084300000, 0x00000000d5580000)
  object space 68608K, 56% used [0x0000000080000000,0x00000000825ba2c0,0x0000000084300000)
 Metaspace       used 61758K, committed 63168K, reserved 1114112K
  class space    used 7677K, committed 8320K, reserved 1048576K
}
Event: 32.375 GC heap after
{Heap after GC invocations=52 (full 3):
 PSYoungGen      total 15360K, used 288K [0x00000000d5580000, 0x00000000d6600000, 0x0000000100000000)
  eden space 14848K, 0% used [0x00000000d5580000,0x00000000d5580000,0x00000000d6400000)
  from space 512K, 56% used [0x00000000d6400000,0x00000000d6448010,0x00000000d6480000)
  to   space 512K, 0% used [0x00000000d6580000,0x00000000d6580000,0x00000000d6600000)
 ParOldGen       total 68608K, used 38632K [0x0000000080000000, 0x0000000084300000, 0x00000000d5580000)
  object space 68608K, 56% used [0x0000000080000000,0x00000000825ba2c0,0x0000000084300000)
 Metaspace       used 61758K, committed 63168K, reserved 1114112K
  class space    used 7677K, committed 8320K, reserved 1048576K
}
Event: 39.789 GC heap before
{Heap before GC invocations=53 (full 3):
 PSYoungGen      total 15360K, used 15136K [0x00000000d5580000, 0x00000000d6600000, 0x0000000100000000)
  eden space 14848K, 99% used [0x00000000d5580000,0x00000000d63ffff0,0x00000000d6400000)
  from space 512K, 56% used [0x00000000d6400000,0x00000000d6448010,0x00000000d6480000)
  to   space 512K, 0% used [0x00000000d6580000,0x00000000d6580000,0x00000000d6600000)
 ParOldGen       total 68608K, used 38632K [0x0000000080000000, 0x0000000084300000, 0x00000000d5580000)
  object space 68608K, 56% used [0x0000000080000000,0x00000000825ba2c0,0x0000000084300000)
 Metaspace       used 62319K, committed 63744K, reserved 1114112K
  class space    used 7740K, committed 8448K, reserved 1048576K
}
Event: 39.796 GC heap after
{Heap after GC invocations=53 (full 3):
 PSYoungGen      total 15360K, used 512K [0x00000000d5580000, 0x00000000d6700000, 0x0000000100000000)
  eden space 14848K, 0% used [0x00000000d5580000,0x00000000d5580000,0x00000000d6400000)
  from space 512K, 100% used [0x00000000d6580000,0x00000000d6600000,0x00000000d6600000)
  to   space 1536K, 0% used [0x00000000d6400000,0x00000000d6400000,0x00000000d6580000)
 ParOldGen       total 68608K, used 39260K [0x0000000080000000, 0x0000000084300000, 0x00000000d5580000)
  object space 68608K, 57% used [0x0000000080000000,0x00000000826572f0,0x0000000084300000)
 Metaspace       used 62319K, committed 63744K, reserved 1114112K
  class space    used 7740K, committed 8448K, reserved 1048576K
}
Event: 40.379 GC heap before
{Heap before GC invocations=54 (full 3):
 PSYoungGen      total 15360K, used 15360K [0x00000000d5580000, 0x00000000d6700000, 0x0000000100000000)
  eden space 14848K, 100% used [0x00000000d5580000,0x00000000d6400000,0x00000000d6400000)
  from space 512K, 100% used [0x00000000d6580000,0x00000000d6600000,0x00000000d6600000)
  to   space 1536K, 0% used [0x00000000d6400000,0x00000000d6400000,0x00000000d6580000)
 ParOldGen       total 68608K, used 39260K [0x0000000080000000, 0x0000000084300000, 0x00000000d5580000)
  object space 68608K, 57% used [0x0000000080000000,0x00000000826572f0,0x0000000084300000)
 Metaspace       used 63130K, committed 64640K, reserved 1114112K
  class space    used 7822K, committed 8512K, reserved 1048576K
}
Event: 40.382 GC heap after
{Heap after GC invocations=54 (full 3):
 PSYoungGen      total 15872K, used 596K [0x00000000d5580000, 0x00000000d6600000, 0x0000000100000000)
  eden space 14848K, 0% used [0x00000000d5580000,0x00000000d5580000,0x00000000d6400000)
  from space 1024K, 58% used [0x00000000d6400000,0x00000000d64953d0,0x00000000d6500000)
  to   space 1024K, 0% used [0x00000000d6500000,0x00000000d6500000,0x00000000d6600000)
 ParOldGen       total 68608K, used 39813K [0x0000000080000000, 0x0000000084300000, 0x00000000d5580000)
  object space 68608K, 58% used [0x0000000080000000,0x00000000826e1458,0x0000000084300000)
 Metaspace       used 63130K, committed 64640K, reserved 1114112K
  class space    used 7822K, committed 8512K, reserved 1048576K
}
Event: 44.724 GC heap before
{Heap before GC invocations=55 (full 3):
 PSYoungGen      total 15872K, used 15189K [0x00000000d5580000, 0x00000000d6600000, 0x0000000100000000)
  eden space 14848K, 98% used [0x00000000d5580000,0x00000000d63c00c8,0x00000000d6400000)
  from space 1024K, 58% used [0x00000000d6400000,0x00000000d64953d0,0x00000000d6500000)
  to   space 1024K, 0% used [0x00000000d6500000,0x00000000d6500000,0x00000000d6600000)
 ParOldGen       total 68608K, used 39813K [0x0000000080000000, 0x0000000084300000, 0x00000000d5580000)
  object space 68608K, 58% used [0x0000000080000000,0x00000000826e1458,0x0000000084300000)
 Metaspace       used 63403K, committed 64832K, reserved 1114112K
  class space    used 7845K, committed 8512K, reserved 1048576K
}
Event: 44.727 GC heap after
{Heap after GC invocations=55 (full 3):
 PSYoungGen      total 15872K, used 448K [0x00000000d5580000, 0x00000000d6600000, 0x0000000100000000)
  eden space 14848K, 0% used [0x00000000d5580000,0x00000000d5580000,0x00000000d6400000)
  from space 1024K, 43% used [0x00000000d6500000,0x00000000d6570090,0x00000000d6600000)
  to   space 1024K, 0% used [0x00000000d6400000,0x00000000d6400000,0x00000000d6500000)
 ParOldGen       total 68608K, used 40147K [0x0000000080000000, 0x0000000084300000, 0x00000000d5580000)
  object space 68608K, 58% used [0x0000000080000000,0x0000000082734cb8,0x0000000084300000)
 Metaspace       used 63403K, committed 64832K, reserved 1114112K
  class space    used 7845K, committed 8512K, reserved 1048576K
}
Event: 47.634 GC heap before
{Heap before GC invocations=56 (full 3):
 PSYoungGen      total 15872K, used 15296K [0x00000000d5580000, 0x00000000d6600000, 0x0000000100000000)
  eden space 14848K, 100% used [0x00000000d5580000,0x00000000d6400000,0x00000000d6400000)
  from space 1024K, 43% used [0x00000000d6500000,0x00000000d6570090,0x00000000d6600000)
  to   space 1024K, 0% used [0x00000000d6400000,0x00000000d6400000,0x00000000d6500000)
 ParOldGen       total 68608K, used 40147K [0x0000000080000000, 0x0000000084300000, 0x00000000d5580000)
  object space 68608K, 58% used [0x0000000080000000,0x0000000082734cb8,0x0000000084300000)
 Metaspace       used 63899K, committed 65344K, reserved 1114112K
  class space    used 7891K, committed 8576K, reserved 1048576K
}
Event: 47.640 GC heap after
{Heap after GC invocations=56 (full 3):
 PSYoungGen      total 15872K, used 536K [0x00000000d5580000, 0x00000000d6600000, 0x0000000100000000)
  eden space 14848K, 0% used [0x00000000d5580000,0x00000000d5580000,0x00000000d6400000)
  from space 1024K, 52% used [0x00000000d6400000,0x00000000d64861a8,0x00000000d6500000)
  to   space 1024K, 0% used [0x00000000d6500000,0x00000000d6500000,0x00000000d6600000)
 ParOldGen       total 68608K, used 40307K [0x0000000080000000, 0x0000000084300000, 0x00000000d5580000)
  object space 68608K, 58% used [0x0000000080000000,0x000000008275cd40,0x0000000084300000)
 Metaspace       used 63899K, committed 65344K, reserved 1114112K
  class space    used 7891K, committed 8576K, reserved 1048576K
}

